# JRE version: OpenJDK Runtime Environment (8.0_152-b02) (build 1.8.0_152-release-1024-b02)
# Java VM: OpenJDK 64-Bit Server VM (25.152-b02 mixed mode windows-amd64 compressed oops)
Heap:
 PSYoungGen      total 297472K, used 246541K [0x00000000e0000000, 0x00000000f3a80000, 0x0000000100000000)
  eden space 287232K, 85% used [0x00000000e0000000,0x00000000eeed0558,0x00000000f1880000)
  from space 10240K, 19% used [0x00000000f3080000,0x00000000f3273038,0x00000000f3a80000)
  to   space 17408K, 0% used [0x00000000f1880000,0x00000000f1880000,0x00000000f2980000)
 ParOldGen       total 121856K, used 43172K [0x00000000a0000000, 0x00000000a7700000, 0x00000000e0000000)
  object space 121856K, 35% used [0x00000000a0000000,0x00000000a2a29268,0x00000000a7700000)
 Metaspace       used 76567K, capacity 80022K, committed 80216K, reserved 1118208K
  class space    used 10060K, capacity 10788K, committed 10880K, reserved 1048576K
GC Heap History (10 events):
Event: 39.705 GC heap before
{Heap before GC invocations=17 (full 3):
 PSYoungGen      total 169984K, used 154973K [0x00000000e0000000, 0x00000000ee080000, 0x0000000100000000)
  eden space 155648K, 99% used [0x00000000e0000000,0x00000000e97575e8,0x00000000e9800000)
  from space 14336K, 0% used [0x00000000e9800000,0x00000000e9800000,0x00000000ea600000)
  to   space 14848K, 0% used [0x00000000ed200000,0x00000000ed200000,0x00000000ee080000)
 ParOldGen       total 121856K, used 37409K [0x00000000a0000000, 0x00000000a7700000, 0x00000000e0000000)
  object space 121856K, 30% used [0x00000000a0000000,0x00000000a24885e8,0x00000000a7700000)
 Metaspace       used 58310K, capacity 60300K, committed 60632K, reserved 1101824K
  class space    used 7866K, capacity 8329K, committed 8448K, reserved 1048576K
Event: 39.719 GC heap after
Heap after GC invocations=17 (full 3):
 PSYoungGen      total 196608K, used 6818K [0x00000000e0000000, 0x00000000ed900000, 0x0000000100000000)
  eden space 189440K, 0% used [0x00000000e0000000,0x00000000e0000000,0x00000000eb900000)
  from space 7168K, 95% used [0x00000000ed200000,0x00000000ed8a8b00,0x00000000ed900000)
  to   space 14336K, 0% used [0x00000000ebd00000,0x00000000ebd00000,0x00000000ecb00000)
 ParOldGen       total 121856K, used 37417K [0x00000000a0000000, 0x00000000a7700000, 0x00000000e0000000)
  object space 121856K, 30% used [0x00000000a0000000,0x00000000a248a5e8,0x00000000a7700000)
 Metaspace       used 58310K, capacity 60300K, committed 60632K, reserved 1101824K
  class space    used 7866K, capacity 8329K, committed 8448K, reserved 1048576K
}
Event: 39.807 GC heap before
{Heap before GC invocations=18 (full 3):
 PSYoungGen      total 196608K, used 195866K [0x00000000e0000000, 0x00000000ed900000, 0x0000000100000000)
  eden space 189440K, 99% used [0x00000000e0000000,0x00000000eb89df18,0x00000000eb900000)
  from space 7168K, 95% used [0x00000000ed200000,0x00000000ed8a8b00,0x00000000ed900000)
  to   space 14336K, 0% used [0x00000000ebd00000,0x00000000ebd00000,0x00000000ecb00000)
 ParOldGen       total 121856K, used 37417K [0x00000000a0000000, 0x00000000a7700000, 0x00000000e0000000)
  object space 121856K, 30% used [0x00000000a0000000,0x00000000a248a5e8,0x00000000a7700000)
 Metaspace       used 58325K, capacity 60300K, committed 60632K, reserved 1101824K
  class space    used 7866K, capacity 8329K, committed 8448K, reserved 1048576K
Event: 39.814 GC heap after
Heap after GC invocations=18 (full 3):
 PSYoungGen      total 207872K, used 2070K [0x00000000e0000000, 0x00000000f1480000, 0x0000000100000000)
  eden space 193536K, 0% used [0x00000000e0000000,0x00000000e0000000,0x00000000ebd00000)
  from space 14336K, 14% used [0x00000000ebd00000,0x00000000ebf05ad8,0x00000000ecb00000)
  to   space 14848K, 0% used [0x00000000f0600000,0x00000000f0600000,0x00000000f1480000)
 ParOldGen       total 121856K, used 37425K [0x00000000a0000000, 0x00000000a7700000, 0x00000000e0000000)
  object space 121856K, 30% used [0x00000000a0000000,0x00000000a248c5e8,0x00000000a7700000)
 Metaspace       used 58325K, capacity 60300K, committed 60632K, reserved 1101824K
  class space    used 7866K, capacity 8329K, committed 8448K, reserved 1048576K
}
Event: 589.761 GC heap before
{Heap before GC invocations=19 (full 3):
 PSYoungGen      total 207872K, used 195606K [0x00000000e0000000, 0x00000000f1480000, 0x0000000100000000)
  eden space 193536K, 100% used [0x00000000e0000000,0x00000000ebd00000,0x00000000ebd00000)
  from space 14336K, 14% used [0x00000000ebd00000,0x00000000ebf05ad8,0x00000000ecb00000)
  to   space 14848K, 0% used [0x00000000f0600000,0x00000000f0600000,0x00000000f1480000)
 ParOldGen       total 121856K, used 37425K [0x00000000a0000000, 0x00000000a7700000, 0x00000000e0000000)
  object space 121856K, 30% used [0x00000000a0000000,0x00000000a248c5e8,0x00000000a7700000)
 Metaspace       used 61785K, capacity 64060K, committed 64344K, reserved 1105920K
  class space    used 8234K, capacity 8791K, committed 8832K, reserved 1048576K
Event: 589.778 GC heap after
Heap after GC invocations=19 (full 3):
 PSYoungGen      total 262144K, used 5245K [0x00000000e0000000, 0x00000000f1100000, 0x0000000100000000)
  eden space 250880K, 0% used [0x00000000e0000000,0x00000000e0000000,0x00000000ef500000)
  from space 11264K, 46% used [0x00000000f0600000,0x00000000f0b1f438,0x00000000f1100000)
  to   space 14336K, 0% used [0x00000000ef500000,0x00000000ef500000,0x00000000f0300000)
 ParOldGen       total 121856K, used 37993K [0x00000000a0000000, 0x00000000a7700000, 0x00000000e0000000)
  object space 121856K, 31% used [0x00000000a0000000,0x00000000a251a668,0x00000000a7700000)
 Metaspace       used 61785K, capacity 64060K, committed 64344K, reserved 1105920K
  class space    used 8234K, capacity 8791K, committed 8832K, reserved 1048576K
}
Event: 603.164 GC heap before
{Heap before GC invocations=20 (full 3):
 PSYoungGen      total 262144K, used 255629K [0x00000000e0000000, 0x00000000f1100000, 0x0000000100000000)
  eden space 250880K, 99% used [0x00000000e0000000,0x00000000ef484220,0x00000000ef500000)
  from space 11264K, 46% used [0x00000000f0600000,0x00000000f0b1f438,0x00000000f1100000)
  to   space 14336K, 0% used [0x00000000ef500000,0x00000000ef500000,0x00000000f0300000)
 ParOldGen       total 121856K, used 37993K [0x00000000a0000000, 0x00000000a7700000, 0x00000000e0000000)
  object space 121856K, 31% used [0x00000000a0000000,0x00000000a251a668,0x00000000a7700000)
 Metaspace       used 69351K, capacity 72328K, committed 72408K, reserved 1112064K
  class space    used 9258K, capacity 9909K, committed 9984K, reserved 1048576K
Event: 603.199 GC heap after
Heap after GC invocations=20 (full 3):
 PSYoungGen      total 265216K, used 14326K [0x00000000e0000000, 0x00000000f4180000, 0x0000000100000000)
  eden space 250880K, 0% used [0x00000000e0000000,0x00000000e0000000,0x00000000ef500000)
  from space 14336K, 99% used [0x00000000ef500000,0x00000000f02fda80,0x00000000f0300000)
  to   space 17408K, 0% used [0x00000000f3080000,0x00000000f3080000,0x00000000f4180000)
 ParOldGen       total 121856K, used 40590K [0x00000000a0000000, 0x00000000a7700000, 0x00000000e0000000)
  object space 121856K, 33% used [0x00000000a0000000,0x00000000a27a38d8,0x00000000a7700000)
 Metaspace       used 69351K, capacity 72328K, committed 72408K, reserved 1112064K
  class space    used 9258K, capacity 9909K, committed 9984K, reserved 1048576K
}
Event: 1532.662 GC heap before
{Heap before GC invocations=21 (full 3):
 PSYoungGen      total 265216K, used 265206K [0x00000000e0000000, 0x00000000f4180000, 0x0000000100000000)
  eden space 250880K, 100% used [0x00000000e0000000,0x00000000ef500000,0x00000000ef500000)
  from space 14336K, 99% used [0x00000000ef500000,0x00000000f02fda80,0x00000000f0300000)
  to   space 17408K, 0% used [0x00000000f3080000,0x00000000f3080000,0x00000000f4180000)
 ParOldGen       total 121856K, used 40590K [0x00000000a0000000, 0x00000000a7700000, 0x00000000e0000000)
  object space 121856K, 33% used [0x00000000a0000000,0x00000000a27a38d8,0x00000000a7700000)
 Metaspace       used 70226K, capacity 73526K, committed 73816K, reserved 1114112K
  class space    used 9315K, capacity 10050K, committed 10112K, reserved 1048576K
Event: 1532.678 GC heap after
Heap after GC invocations=21 (full 3):
 PSYoungGen      total 297472K, used 1996K [0x00000000e0000000, 0x00000000f3a80000, 0x0000000100000000)
  eden space 287232K, 0% used [0x00000000e0000000,0x00000000e0000000,0x00000000f1880000)
  from space 10240K, 19% used [0x00000000f3080000,0x00000000f3273038,0x00000000f3a80000)
  to   space 17408K, 0% used [0x00000000f1880000,0x00000000f1880000,0x00000000f2980000)
 ParOldGen       total 121856K, used 43172K [0x00000000a0000000, 0x00000000a7700000, 0x00000000e0000000)
  object space 121856K, 35% used [0x00000000a0000000,0x00000000a2a29268,0x00000000a7700000)
 Metaspace       used 70226K, capacity 73526K, committed 73816K, reserved 1114112K
  class space    used 9315K, capacity 10050K, committed 10112K, reserved 1048576K
}

