# JRE version: OpenJDK Runtime Environment (8.0_152-b02) (build 1.8.0_152-release-1024-b02)
# Java VM: OpenJDK 64-Bit Server VM (25.152-b02 mixed mode windows-amd64 compressed oops)
Heap:
 PSYoungGen      total 187904K, used 164986K [0x00000000e0000000, 0x00000000eeb80000, 0x0000000100000000)
  eden space 163328K, 89% used [0x00000000e0000000,0x00000000e8e8bbb8,0x00000000e9f80000)
  from space 24576K, 77% used [0x00000000eb880000,0x00000000ecb12fe8,0x00000000ed080000)
  to   space 25600K, 0% used [0x00000000e9f80000,0x00000000e9f80000,0x00000000eb880000)
 ParOldGen       total 151552K, used 44843K [0x00000000a0000000, 0x00000000a9400000, 0x00000000e0000000)
  object space 151552K, 29% used [0x00000000a0000000,0x00000000a2bcad68,0x00000000a9400000)
 Metaspace       used 102032K, capacity 108189K, committed 108504K, reserved 1142784K
  class space    used 13239K, capacity 14548K, committed 14592K, reserved 1048576K
GC Heap History (10 events):
Event: 781.108 GC heap before
{Heap before GC invocations=22 (full 3):
 PSYoungGen      total 198656K, used 198648K [0x00000000e0000000, 0x00000000ee080000, 0x0000000100000000)
  eden space 182272K, 100% used [0x00000000e0000000,0x00000000eb200000,0x00000000eb200000)
  from space 16384K, 99% used [0x00000000ed080000,0x00000000ee07e060,0x00000000ee080000)
  to   space 22016K, 0% used [0x00000000eb580000,0x00000000eb580000,0x00000000ecb00000)
 ParOldGen       total 115200K, used 38263K [0x00000000a0000000, 0x00000000a7080000, 0x00000000e0000000)
  object space 115200K, 33% used [0x00000000a0000000,0x00000000a255dea8,0x00000000a7080000)
 Metaspace       used 78903K, capacity 83288K, committed 83416K, reserved 1122304K
  class space    used 10223K, capacity 11145K, committed 11264K, reserved 1048576K
Event: 781.150 GC heap after
Heap after GC invocations=22 (full 3):
 PSYoungGen      total 183296K, used 6798K [0x00000000e0000000, 0x00000000ed600000, 0x0000000100000000)
  eden space 176128K, 0% used [0x00000000e0000000,0x00000000e0000000,0x00000000eac00000)
  from space 7168K, 94% used [0x00000000eb580000,0x00000000ebc23970,0x00000000ebc80000)
  to   space 21504K, 0% used [0x00000000ec100000,0x00000000ec100000,0x00000000ed600000)
 ParOldGen       total 115200K, used 47932K [0x00000000a0000000, 0x00000000a7080000, 0x00000000e0000000)
  object space 115200K, 41% used [0x00000000a0000000,0x00000000a2ecf388,0x00000000a7080000)
 Metaspace       used 78903K, capacity 83288K, committed 83416K, reserved 1122304K
  class space    used 10223K, capacity 11145K, committed 11264K, reserved 1048576K
}
Event: 2175.756 GC heap before
{Heap before GC invocations=23 (full 3):
 PSYoungGen      total 183296K, used 182926K [0x00000000e0000000, 0x00000000ed600000, 0x0000000100000000)
  eden space 176128K, 100% used [0x00000000e0000000,0x00000000eac00000,0x00000000eac00000)
  from space 7168K, 94% used [0x00000000eb580000,0x00000000ebc23970,0x00000000ebc80000)
  to   space 21504K, 0% used [0x00000000ec100000,0x00000000ec100000,0x00000000ed600000)
 ParOldGen       total 115200K, used 47932K [0x00000000a0000000, 0x00000000a7080000, 0x00000000e0000000)
  object space 115200K, 41% used [0x00000000a0000000,0x00000000a2ecf388,0x00000000a7080000)
 Metaspace       used 90290K, capacity 95636K, committed 95832K, reserved 1132544K
  class space    used 11707K, capacity 12850K, committed 12928K, reserved 1048576K
Event: 2175.796 GC heap after
Heap after GC invocations=23 (full 3):
 PSYoungGen      total 191488K, used 21486K [0x00000000e0000000, 0x00000000ed600000, 0x0000000100000000)
  eden space 169984K, 0% used [0x00000000e0000000,0x00000000e0000000,0x00000000ea600000)
  from space 21504K, 99% used [0x00000000ec100000,0x00000000ed5fb818,0x00000000ed600000)
  to   space 24576K, 0% used [0x00000000ea600000,0x00000000ea600000,0x00000000ebe00000)
 ParOldGen       total 115200K, used 48195K [0x00000000a0000000, 0x00000000a7080000, 0x00000000e0000000)
  object space 115200K, 41% used [0x00000000a0000000,0x00000000a2f10e48,0x00000000a7080000)
 Metaspace       used 90290K, capacity 95636K, committed 95832K, reserved 1132544K
  class space    used 11707K, capacity 12850K, committed 12928K, reserved 1048576K
}
Event: 2177.466 GC heap before
{Heap before GC invocations=24 (full 3):
 PSYoungGen      total 191488K, used 64321K [0x00000000e0000000, 0x00000000ed600000, 0x0000000100000000)
  eden space 169984K, 25% used [0x00000000e0000000,0x00000000e29d4cd8,0x00000000ea600000)
  from space 21504K, 99% used [0x00000000ec100000,0x00000000ed5fb818,0x00000000ed600000)
  to   space 24576K, 0% used [0x00000000ea600000,0x00000000ea600000,0x00000000ebe00000)
 ParOldGen       total 115200K, used 48195K [0x00000000a0000000, 0x00000000a7080000, 0x00000000e0000000)
  object space 115200K, 41% used [0x00000000a0000000,0x00000000a2f10e48,0x00000000a7080000)
 Metaspace       used 92587K, capacity 98149K, committed 98380K, reserved 1134592K
  class space    used 12019K, capacity 13184K, committed 13184K, reserved 1048576K
Event: 2177.499 GC heap after
Heap after GC invocations=24 (full 3):
 PSYoungGen      total 179712K, used 14991K [0x00000000e0000000, 0x00000000ed080000, 0x0000000100000000)
  eden space 164352K, 0% used [0x00000000e0000000,0x00000000e0000000,0x00000000ea080000)
  from space 15360K, 97% used [0x00000000ea600000,0x00000000eb4a3e80,0x00000000eb500000)
  to   space 24576K, 0% used [0x00000000eb880000,0x00000000eb880000,0x00000000ed080000)
 ParOldGen       total 115200K, used 48831K [0x00000000a0000000, 0x00000000a7080000, 0x00000000e0000000)
  object space 115200K, 42% used [0x00000000a0000000,0x00000000a2fafe68,0x00000000a7080000)
 Metaspace       used 92587K, capacity 98149K, committed 98380K, reserved 1134592K
  class space    used 12019K, capacity 13184K, committed 13184K, reserved 1048576K
}
Event: 2177.499 GC heap before
{Heap before GC invocations=25 (full 4):
 PSYoungGen      total 179712K, used 14991K [0x00000000e0000000, 0x00000000ed080000, 0x0000000100000000)
  eden space 164352K, 0% used [0x00000000e0000000,0x00000000e0000000,0x00000000ea080000)
  from space 15360K, 97% used [0x00000000ea600000,0x00000000eb4a3e80,0x00000000eb500000)
  to   space 24576K, 0% used [0x00000000eb880000,0x00000000eb880000,0x00000000ed080000)
 ParOldGen       total 115200K, used 48831K [0x00000000a0000000, 0x00000000a7080000, 0x00000000e0000000)
  object space 115200K, 42% used [0x00000000a0000000,0x00000000a2fafe68,0x00000000a7080000)
 Metaspace       used 92587K, capacity 98149K, committed 98380K, reserved 1134592K
  class space    used 12019K, capacity 13184K, committed 13184K, reserved 1048576K
Event: 2178.039 GC heap after
Heap after GC invocations=25 (full 4):
 PSYoungGen      total 179712K, used 0K [0x00000000e0000000, 0x00000000ed080000, 0x0000000100000000)
  eden space 164352K, 0% used [0x00000000e0000000,0x00000000e0000000,0x00000000ea080000)
  from space 15360K, 0% used [0x00000000ea600000,0x00000000ea600000,0x00000000eb500000)
  to   space 24576K, 0% used [0x00000000eb880000,0x00000000eb880000,0x00000000ed080000)
 ParOldGen       total 151552K, used 44835K [0x00000000a0000000, 0x00000000a9400000, 0x00000000e0000000)
  object space 151552K, 29% used [0x00000000a0000000,0x00000000a2bc8d68,0x00000000a9400000)
 Metaspace       used 92396K, capacity 97773K, committed 98380K, reserved 1134592K
  class space    used 11979K, capacity 13114K, committed 13184K, reserved 1048576K
}
Event: 2182.613 GC heap before
{Heap before GC invocations=26 (full 4):
 PSYoungGen      total 179712K, used 164352K [0x00000000e0000000, 0x00000000ed080000, 0x0000000100000000)
  eden space 164352K, 100% used [0x00000000e0000000,0x00000000ea080000,0x00000000ea080000)
  from space 15360K, 0% used [0x00000000ea600000,0x00000000ea600000,0x00000000eb500000)
  to   space 24576K, 0% used [0x00000000eb880000,0x00000000eb880000,0x00000000ed080000)
 ParOldGen       total 151552K, used 44835K [0x00000000a0000000, 0x00000000a9400000, 0x00000000e0000000)
  object space 151552K, 29% used [0x00000000a0000000,0x00000000a2bc8d68,0x00000000a9400000)
 Metaspace       used 96337K, capacity 102135K, committed 102360K, reserved 1138688K
  class space    used 12619K, capacity 13805K, committed 13824K, reserved 1048576K
Event: 2182.679 GC heap after
Heap after GC invocations=26 (full 4):
 PSYoungGen      total 187904K, used 19019K [0x00000000e0000000, 0x00000000eeb80000, 0x0000000100000000)
  eden space 163328K, 0% used [0x00000000e0000000,0x00000000e0000000,0x00000000e9f80000)
  from space 24576K, 77% used [0x00000000eb880000,0x00000000ecb12fe8,0x00000000ed080000)
  to   space 25600K, 0% used [0x00000000e9f80000,0x00000000e9f80000,0x00000000eb880000)
 ParOldGen       total 151552K, used 44843K [0x00000000a0000000, 0x00000000a9400000, 0x00000000e0000000)
  object space 151552K, 29% used [0x00000000a0000000,0x00000000a2bcad68,0x00000000a9400000)
 Metaspace       used 96337K, capacity 102135K, committed 102360K, reserved 1138688K
  class space    used 12619K, capacity 13805K, committed 13824K, reserved 1048576K
}

