# JRE version: OpenJDK Runtime Environment (8.0_152-b02) (build 1.8.0_152-release-1024-b02)
# Java VM: OpenJDK 64-Bit Server VM (25.152-b02 mixed mode windows-amd64 compressed oops)
Heap:
 PSYoungGen      total 287232K, used 202000K [0x00000000e0000000, 0x00000000f4f80000, 0x0000000100000000)
  eden space 252416K, 76% used [0x00000000e0000000,0x00000000ebb64f08,0x00000000ef680000)
  from space 34816K, 29% used [0x00000000ef680000,0x00000000f005f4a0,0x00000000f1880000)
  to   space 33792K, 0% used [0x00000000f2e80000,0x00000000f2e80000,0x00000000f4f80000)
 ParOldGen       total 172032K, used 86485K [0x00000000a0000000, 0x00000000aa800000, 0x00000000e0000000)
  object space 172032K, 50% used [0x00000000a0000000,0x00000000a54755a8,0x00000000aa800000)
 Metaspace       used 121855K, capacity 128548K, committed 128600K, reserved 1161216K
  class space    used 15649K, capacity 17013K, committed 17024K, reserved 1048576K
GC Heap History (10 events):
Event: 6398.099 GC heap before
{Heap before GC invocations=23 (full 4):
 PSYoungGen      total 223744K, used 21476K [0x00000000e0000000, 0x00000000f0400000, 0x0000000100000000)
  eden space 202240K, 0% used [0x00000000e0000000,0x00000000e0000000,0x00000000ec580000)
  from space 21504K, 99% used [0x00000000ee600000,0x00000000efaf9128,0x00000000efb00000)
  to   space 9216K, 0% used [0x00000000efb00000,0x00000000efb00000,0x00000000f0400000)
 ParOldGen       total 118784K, used 58524K [0x00000000a0000000, 0x00000000a7400000, 0x00000000e0000000)
  object space 118784K, 49% used [0x00000000a0000000,0x00000000a39271c8,0x00000000a7400000)
 Metaspace       used 93501K, capacity 98330K, committed 98380K, reserved 1134592K
  class space    used 12295K, capacity 13295K, committed 13312K, reserved 1048576K
Event: 6398.839 GC heap after
Heap after GC invocations=23 (full 4):
 PSYoungGen      total 223744K, used 0K [0x00000000e0000000, 0x00000000f0400000, 0x0000000100000000)
  eden space 202240K, 0% used [0x00000000e0000000,0x00000000e0000000,0x00000000ec580000)
  from space 21504K, 0% used [0x00000000ee600000,0x00000000ee600000,0x00000000efb00000)
  to   space 9216K, 0% used [0x00000000efb00000,0x00000000efb00000,0x00000000f0400000)
 ParOldGen       total 172032K, used 54617K [0x00000000a0000000, 0x00000000aa800000, 0x00000000e0000000)
  object space 172032K, 31% used [0x00000000a0000000,0x00000000a3556560,0x00000000aa800000)
 Metaspace       used 91991K, capacity 95662K, committed 98380K, reserved 1134592K
  class space    used 11958K, capacity 12753K, committed 13312K, reserved 1048576K
}
Event: 6411.884 GC heap before
{Heap before GC invocations=24 (full 4):
 PSYoungGen      total 223744K, used 202240K [0x00000000e0000000, 0x00000000f0400000, 0x0000000100000000)
  eden space 202240K, 100% used [0x00000000e0000000,0x00000000ec580000,0x00000000ec580000)
  from space 21504K, 0% used [0x00000000ee600000,0x00000000ee600000,0x00000000efb00000)
  to   space 9216K, 0% used [0x00000000efb00000,0x00000000efb00000,0x00000000f0400000)
 ParOldGen       total 172032K, used 54617K [0x00000000a0000000, 0x00000000aa800000, 0x00000000e0000000)
  object space 172032K, 31% used [0x00000000a0000000,0x00000000a3556560,0x00000000aa800000)
 Metaspace       used 95745K, capacity 100004K, committed 101080K, reserved 1136640K
  class space    used 12350K, capacity 13258K, committed 13568K, reserved 1048576K
Event: 6411.925 GC heap after
Heap after GC invocations=24 (full 4):
 PSYoungGen      total 236544K, used 9185K [0x00000000e0000000, 0x00000000f1200000, 0x0000000100000000)
  eden space 227328K, 0% used [0x00000000e0000000,0x00000000e0000000,0x00000000ede00000)
  from space 9216K, 99% used [0x00000000efb00000,0x00000000f03f8690,0x00000000f0400000)
  to   space 26624K, 0% used [0x00000000ede00000,0x00000000ede00000,0x00000000ef800000)
 ParOldGen       total 172032K, used 62620K [0x00000000a0000000, 0x00000000aa800000, 0x00000000e0000000)
  object space 172032K, 36% used [0x00000000a0000000,0x00000000a3d272b0,0x00000000aa800000)
 Metaspace       used 95745K, capacity 100004K, committed 101080K, reserved 1136640K
  class space    used 12350K, capacity 13258K, committed 13568K, reserved 1048576K
}
Event: 6421.764 GC heap before
{Heap before GC invocations=25 (full 4):
 PSYoungGen      total 236544K, used 236497K [0x00000000e0000000, 0x00000000f1200000, 0x0000000100000000)
  eden space 227328K, 99% used [0x00000000e0000000,0x00000000eddfc008,0x00000000ede00000)
  from space 9216K, 99% used [0x00000000efb00000,0x00000000f03f8690,0x00000000f0400000)
  to   space 26624K, 0% used [0x00000000ede00000,0x00000000ede00000,0x00000000ef800000)
 ParOldGen       total 172032K, used 62620K [0x00000000a0000000, 0x00000000aa800000, 0x00000000e0000000)
  object space 172032K, 36% used [0x00000000a0000000,0x00000000a3d272b0,0x00000000aa800000)
 Metaspace       used 108711K, capacity 113820K, committed 114008K, reserved 1148928K
  class space    used 14115K, capacity 15197K, committed 15232K, reserved 1048576K
Event: 6421.860 GC heap after
Heap after GC invocations=25 (full 4):
 PSYoungGen      total 253952K, used 26616K [0x00000000e0000000, 0x00000000f4100000, 0x0000000100000000)
  eden space 227328K, 0% used [0x00000000e0000000,0x00000000e0000000,0x00000000ede00000)
  from space 26624K, 99% used [0x00000000ede00000,0x00000000ef7fe2a8,0x00000000ef800000)
  to   space 35328K, 0% used [0x00000000f1e80000,0x00000000f1e80000,0x00000000f4100000)
 ParOldGen       total 172032K, used 76560K [0x00000000a0000000, 0x00000000aa800000, 0x00000000e0000000)
  object space 172032K, 44% used [0x00000000a0000000,0x00000000a4ac40b8,0x00000000aa800000)
 Metaspace       used 108711K, capacity 113820K, committed 114008K, reserved 1148928K
  class space    used 14115K, capacity 15197K, committed 15232K, reserved 1048576K
}
Event: 6720.627 GC heap before
{Heap before GC invocations=26 (full 4):
 PSYoungGen      total 253952K, used 253944K [0x00000000e0000000, 0x00000000f4100000, 0x0000000100000000)
  eden space 227328K, 100% used [0x00000000e0000000,0x00000000ede00000,0x00000000ede00000)
  from space 26624K, 99% used [0x00000000ede00000,0x00000000ef7fe2a8,0x00000000ef800000)
  to   space 35328K, 0% used [0x00000000f1e80000,0x00000000f1e80000,0x00000000f4100000)
 ParOldGen       total 172032K, used 76560K [0x00000000a0000000, 0x00000000aa800000, 0x00000000e0000000)
  object space 172032K, 44% used [0x00000000a0000000,0x00000000a4ac40b8,0x00000000aa800000)
 Metaspace       used 112937K, capacity 118674K, committed 118872K, reserved 1153024K
  class space    used 14538K, capacity 15744K, committed 15744K, reserved 1048576K
Event: 6720.685 GC heap after
Heap after GC invocations=26 (full 4):
 PSYoungGen      total 281088K, used 6261K [0x00000000e0000000, 0x00000000f3a80000, 0x0000000100000000)
  eden space 252416K, 0% used [0x00000000e0000000,0x00000000e0000000,0x00000000ef680000)
  from space 28672K, 21% used [0x00000000f1e80000,0x00000000f249d5e8,0x00000000f3a80000)
  to   space 34816K, 0% used [0x00000000ef680000,0x00000000ef680000,0x00000000f1880000)
 ParOldGen       total 172032K, used 86477K [0x00000000a0000000, 0x00000000aa800000, 0x00000000e0000000)
  object space 172032K, 50% used [0x00000000a0000000,0x00000000a54735a8,0x00000000aa800000)
 Metaspace       used 112937K, capacity 118674K, committed 118872K, reserved 1153024K
  class space    used 14538K, capacity 15744K, committed 15744K, reserved 1048576K
}
Event: 6739.269 GC heap before
{Heap before GC invocations=27 (full 4):
 PSYoungGen      total 281088K, used 258677K [0x00000000e0000000, 0x00000000f3a80000, 0x0000000100000000)
  eden space 252416K, 100% used [0x00000000e0000000,0x00000000ef680000,0x00000000ef680000)
  from space 28672K, 21% used [0x00000000f1e80000,0x00000000f249d5e8,0x00000000f3a80000)
  to   space 34816K, 0% used [0x00000000ef680000,0x00000000ef680000,0x00000000f1880000)
 ParOldGen       total 172032K, used 86477K [0x00000000a0000000, 0x00000000aa800000, 0x00000000e0000000)
  object space 172032K, 50% used [0x00000000a0000000,0x00000000a54735a8,0x00000000aa800000)
 Metaspace       used 114359K, capacity 120260K, committed 120408K, reserved 1153024K
  class space    used 14693K, capacity 15929K, committed 16000K, reserved 1048576K
Event: 6739.290 GC heap after
Heap after GC invocations=27 (full 4):
 PSYoungGen      total 287232K, used 10109K [0x00000000e0000000, 0x00000000f4f80000, 0x0000000100000000)
  eden space 252416K, 0% used [0x00000000e0000000,0x00000000e0000000,0x00000000ef680000)
  from space 34816K, 29% used [0x00000000ef680000,0x00000000f005f4a0,0x00000000f1880000)
  to   space 33792K, 0% used [0x00000000f2e80000,0x00000000f2e80000,0x00000000f4f80000)
 ParOldGen       total 172032K, used 86485K [0x00000000a0000000, 0x00000000aa800000, 0x00000000e0000000)
  object space 172032K, 50% used [0x00000000a0000000,0x00000000a54755a8,0x00000000aa800000)
 Metaspace       used 114359K, capacity 120260K, committed 120408K, reserved 1153024K
  class space    used 14693K, capacity 15929K, committed 16000K, reserved 1048576K
}

